Using pre-set license
Built from '2020.3/china_unity/release' branch; Version is '2020.3.5f1c1 (548653c6c3de) revision 5539411'; Using compiler version '192528614'; Build Type 'Release'
OS: 'Windows 10 Home China; OS build 19042.1052; Version 2009; 64bit' Language: 'zh' Physical Memory: 16252 MB
BatchMode: 1, IsHumanControllingUs: 0, StartBugReporterOnCrash: 0, Is64bit: 1, IsPro: 0

 COMMAND LINE ARGUMENTS:
C:\Program Files\Unity\Hub\Editor\2020.3.5f1c1\Editor\Unity.exe
-adb2
-batchMode
-noUpm
-name
AssetImportWorker0
-projectPath
D:/GameDes1gn/UnoDemo/Uno
-logFile
Logs/AssetImportWorker0.log
-srvPort
53376
Successfully changed project path to: D:/GameDes1gn/UnoDemo/Uno
D:/GameDes1gn/UnoDemo/Uno
Using Asset Import Pipeline V2.
Refreshing native plugins compatible for Editor in 29.64 ms, found 1 plugins.
Preloading 0 native plugins for Editor in 0.00 ms.
Initialize engine version: 2020.3.5f1c1 (548653c6c3de)
[Subsystems] Discovering subsystems at path C:/Program Files/Unity/Hub/Editor/2020.3.5f1c1/Editor/Data/Resources/UnitySubsystems
[Subsystems] Discovering subsystems at path D:/GameDes1gn/UnoDemo/Uno/Assets
GfxDevice: creating device client; threaded=0
Direct3D:
    Version:  Direct3D 11.0 [level 11.1]
    Renderer: NVIDIA GeForce RTX 3060 Laptop GPU (ID=0x2560)
    Vendor:   
    VRAM:     6023 MB
    Driver:   27.21.14.6156
Initialize mono
Mono path[0] = 'C:/Program Files/Unity/Hub/Editor/2020.3.5f1c1/Editor/Data/Managed'
Mono path[1] = 'C:/Program Files/Unity/Hub/Editor/2020.3.5f1c1/Editor/Data/MonoBleedingEdge/lib/mono/unityjit'
Mono config path = 'C:/Program Files/Unity/Hub/Editor/2020.3.5f1c1/Editor/Data/MonoBleedingEdge/etc'
Using monoOptions --debugger-agent=transport=dt_socket,embedding=1,server=y,suspend=n,address=127.0.0.1:56988
Begin MonoManager ReloadAssembly
Registering precompiled unity dll's ...
Register platform support module: C:/Program Files/Unity/Hub/Editor/2020.3.5f1c1/Editor/Data/PlaybackEngines/WebGLSupport/UnityEditor.WebGL.Extensions.dll
Register platform support module: C:/Program Files/Unity/Hub/Editor/2020.3.5f1c1/Editor/Data/PlaybackEngines/MacStandaloneSupport/UnityEditor.OSXStandalone.Extensions.dll
Register platform support module: C:/Program Files/Unity/Hub/Editor/2020.3.5f1c1/Editor/Data/PlaybackEngines/WindowsStandaloneSupport/UnityEditor.WindowsStandalone.Extensions.dll
Registered in 0.002439 seconds.
Native extension for WindowsStandalone target not found
Native extension for OSXStandalone target not found
Native extension for WebGL target not found
Refreshing native plugins compatible for Editor in 31.69 ms, found 1 plugins.
Preloading 0 native plugins for Editor in 0.00 ms.
Mono: successfully reloaded assembly
- Completed reload, in  1.430 seconds
Platform modules already initialized, skipping
Registering precompiled user dll's ...
Registered in 0.001467 seconds.
Begin MonoManager ReloadAssembly
Native extension for WindowsStandalone target not found
Native extension for OSXStandalone target not found
Native extension for WebGL target not found
Refreshing native plugins compatible for Editor in 29.45 ms, found 1 plugins.
Preloading 0 native plugins for Editor in 0.00 ms.
Mono: successfully reloaded assembly
- Completed reload, in  0.697 seconds
Platform modules already initialized, skipping
========================================================================
Worker process is ready to serve import requests
Launched and connected shader compiler UnityShaderCompiler.exe after 0.04 seconds
Refreshing native plugins compatible for Editor in 0.39 ms, found 1 plugins.
Preloading 0 native plugins for Editor in 0.00 ms.
Unloading 1861 Unused Serialized files (Serialized files now loaded: 0)
System memory in use before: 88.2 MB.
System memory in use after: 88.3 MB.

Unloading 19 unused Assets to reduce memory usage. Loaded Objects now: 2311.
Total: 2.368400 ms (FindLiveObjects: 0.203800 ms CreateObjectMapping: 0.131700 ms MarkObjects: 2.002600 ms  DeleteObjects: 0.029100 ms)

========================================================================
Received Import Request.
  path: Assets/Scenes/Game_2.unity
  artifactKey: Guid(35e0ffc5a9ef58246ac488fa2cf58757) Importer(815301076,1909f56bfc062723c751e8b465ee728b)
Start importing Assets/Scenes/Game_2.unity using Guid(35e0ffc5a9ef58246ac488fa2cf58757) Importer(815301076,1909f56bfc062723c751e8b465ee728b)  -> (artifact id: '09774d874963305de41e8a7c7fbd6d7c') in 0.014421 seconds
  Import took 0.017620 seconds .

========================================================================
Received Import Request.
  Time since last request: 0.000178 seconds.
  path: Assets/Scenes/Game_3.unity
  artifactKey: Guid(7e3476b5316d8104da738a266aaf1015) Importer(815301076,1909f56bfc062723c751e8b465ee728b)
Start importing Assets/Scenes/Game_3.unity using Guid(7e3476b5316d8104da738a266aaf1015) Importer(815301076,1909f56bfc062723c751e8b465ee728b)  -> (artifact id: '82285912647321cbec0c6d27f9dd586c') in 0.005875 seconds
  Import took 0.008257 seconds .

========================================================================
Received Import Request.
  Time since last request: 2523.543192 seconds.
  path: Assets/Resources/src=http___big5.wallcoo.com_cartoon_Scrapbook_Art_Paper_Xmas_wallpapers_1600x900_Christmas_Paper12.jpg&refer=http___big5.wallcoo.jpg
  artifactKey: Guid(4f93201c09c9fde46b72114baacf4b6c) Importer(815301076,1909f56bfc062723c751e8b465ee728b)
Start importing Assets/Resources/src=http___big5.wallcoo.com_cartoon_Scrapbook_Art_Paper_Xmas_wallpapers_1600x900_Christmas_Paper12.jpg&refer=http___big5.wallcoo.jpg using Guid(4f93201c09c9fde46b72114baacf4b6c) Importer(815301076,1909f56bfc062723c751e8b465ee728b)  -> (artifact id: '39d6e9f1d510c07bd19fcdaae7f263fd') in 0.127763 seconds
  Import took 0.136316 seconds .

========================================================================
Received Import Request.
  Time since last request: 2.432743 seconds.
  path: Assets/Resources/src=http___big5.wallcoo.com_cartoon_Scrapbook_Art_Paper_Xmas_wallpapers_1600x900_Christmas_Paper12.jpg&refer=http___big5.wallcoo.jpg.png
  artifactKey: Guid(1938cc0e94f35a84a94bf2a478d45fb9) Importer(815301076,1909f56bfc062723c751e8b465ee728b)
Start importing Assets/Resources/src=http___big5.wallcoo.com_cartoon_Scrapbook_Art_Paper_Xmas_wallpapers_1600x900_Christmas_Paper12.jpg&refer=http___big5.wallcoo.jpg.png using Guid(1938cc0e94f35a84a94bf2a478d45fb9) Importer(815301076,1909f56bfc062723c751e8b465ee728b)  -> (artifact id: '0292bdd39786b4cf023ef3f2e6b8a3fe') in 0.033847 seconds
  Import took 0.036925 seconds .

========================================================================
Received Import Request.
  Time since last request: 8.987975 seconds.
  path: Assets/Resources/src=http___big5.wallcoo.com_cartoon_Scrapbook_Art_Paper_Xmas_wallpapers_1600x900_Christmas_Paper12.jpg&refer=http___big5.wallcoo.jpg-1.png
  artifactKey: Guid(5a461165cd3bea243988ce900bbdb2c8) Importer(815301076,1909f56bfc062723c751e8b465ee728b)
Start importing Assets/Resources/src=http___big5.wallcoo.com_cartoon_Scrapbook_Art_Paper_Xmas_wallpapers_1600x900_Christmas_Paper12.jpg&refer=http___big5.wallcoo.jpg-1.png using Guid(5a461165cd3bea243988ce900bbdb2c8) Importer(815301076,1909f56bfc062723c751e8b465ee728b)  -> (artifact id: 'c7fc5b6f3ffe99e5b419356b2e77abea') in 0.014421 seconds
  Import took 0.017277 seconds .

========================================================================
Received Prepare
Registering precompiled user dll's ...
Registered in 0.001005 seconds.
Begin MonoManager ReloadAssembly
Native extension for WindowsStandalone target not found
Native extension for OSXStandalone target not found
Native extension for WebGL target not found
Refreshing native plugins compatible for Editor in 0.37 ms, found 1 plugins.
Preloading 0 native plugins for Editor in 0.00 ms.
Mono: successfully reloaded assembly
- Completed reload, in  0.727 seconds
Platform modules already initialized, skipping
Refreshing native plugins compatible for Editor in 0.37 ms, found 1 plugins.
Preloading 0 native plugins for Editor in 0.00 ms.
Unloading 1837 Unused Serialized files (Serialized files now loaded: 0)
System memory in use before: 89.7 MB.
System memory in use after: 89.8 MB.

Unloading 8 unused Assets to reduce memory usage. Loaded Objects now: 2321.
Total: 1.720500 ms (FindLiveObjects: 0.198600 ms CreateObjectMapping: 0.039500 ms MarkObjects: 1.467600 ms  DeleteObjects: 0.014100 ms)

========================================================================
Received Prepare
Refreshing native plugins compatible for Editor in 1.98 ms, found 1 plugins.
Preloading 0 native plugins for Editor in 0.00 ms.
Unloading 6 Unused Serialized files (Serialized files now loaded: 0)
System memory in use before: 53.5 MB.
System memory in use after: 53.6 MB.

Unloading 6 unused Assets to reduce memory usage. Loaded Objects now: 2321.
Total: 2.112500 ms (FindLiveObjects: 0.239500 ms CreateObjectMapping: 0.057400 ms MarkObjects: 1.778700 ms  DeleteObjects: 0.036100 ms)

========================================================================
Received Prepare
Refreshing native plugins compatible for Editor in 1.22 ms, found 1 plugins.
Preloading 0 native plugins for Editor in 0.00 ms.
Unloading 6 Unused Serialized files (Serialized files now loaded: 0)
System memory in use before: 53.5 MB.
System memory in use after: 53.6 MB.

Unloading 6 unused Assets to reduce memory usage. Loaded Objects now: 2321.
Total: 1.721300 ms (FindLiveObjects: 0.180900 ms CreateObjectMapping: 0.038200 ms MarkObjects: 1.484900 ms  DeleteObjects: 0.016400 ms)

========================================================================
Received Prepare
Refreshing native plugins compatible for Editor in 1.42 ms, found 1 plugins.
Preloading 0 native plugins for Editor in 0.00 ms.
Unloading 6 Unused Serialized files (Serialized files now loaded: 0)
System memory in use before: 53.5 MB.
System memory in use after: 53.6 MB.

Unloading 6 unused Assets to reduce memory usage. Loaded Objects now: 2321.
Total: 1.900500 ms (FindLiveObjects: 0.238700 ms CreateObjectMapping: 0.053700 ms MarkObjects: 1.575500 ms  DeleteObjects: 0.031400 ms)

========================================================================
Received Import Request.
  Time since last request: 808.661909 seconds.
  path: Assets/Scenes/Game_2.unity
  artifactKey: Guid(35e0ffc5a9ef58246ac488fa2cf58757) Importer(815301076,1909f56bfc062723c751e8b465ee728b)
Start importing Assets/Scenes/Game_2.unity using Guid(35e0ffc5a9ef58246ac488fa2cf58757) Importer(815301076,1909f56bfc062723c751e8b465ee728b)  -> (artifact id: '918123ac0867d9a89b1b37843620eef5') in 0.010679 seconds
  Import took 0.013437 seconds .

========================================================================
Received Import Request.
  Time since last request: 45.744369 seconds.
  path: Assets/Scenes/Game_3.unity
  artifactKey: Guid(7e3476b5316d8104da738a266aaf1015) Importer(815301076,1909f56bfc062723c751e8b465ee728b)
Start importing Assets/Scenes/Game_3.unity using Guid(7e3476b5316d8104da738a266aaf1015) Importer(815301076,1909f56bfc062723c751e8b465ee728b)  -> (artifact id: '90e1f2e5d164306137d6cc7b94f9da6c') in 0.001753 seconds
  Import took 0.004411 seconds .

========================================================================
Received Prepare
Refreshing native plugins compatible for Editor in 1.34 ms, found 1 plugins.
Preloading 0 native plugins for Editor in 0.00 ms.
Unloading 6 Unused Serialized files (Serialized files now loaded: 0)
System memory in use before: 53.5 MB.
System memory in use after: 53.6 MB.

Unloading 6 unused Assets to reduce memory usage. Loaded Objects now: 2321.
Total: 2.060500 ms (FindLiveObjects: 0.214100 ms CreateObjectMapping: 0.055800 ms MarkObjects: 1.745300 ms  DeleteObjects: 0.042600 ms)

========================================================================
Received Import Request.
  Time since last request: 265.265821 seconds.
  path: Assets/Scenes/Game_4.unity
  artifactKey: Guid(7f2616bb831405b44866317f4638be23) Importer(815301076,1909f56bfc062723c751e8b465ee728b)
Start importing Assets/Scenes/Game_4.unity using Guid(7f2616bb831405b44866317f4638be23) Importer(815301076,1909f56bfc062723c751e8b465ee728b)  -> (artifact id: 'd6100c41bac293004d048cb5213f2154') in 0.005970 seconds
  Import took 0.008548 seconds .

========================================================================
Received Import Request.
  Time since last request: 0.816528 seconds.
  path: Assets/Scenes/Room.unity
  artifactKey: Guid(2cda990e2423bbf4892e6590ba056729) Importer(815301076,1909f56bfc062723c751e8b465ee728b)
Start importing Assets/Scenes/Room.unity using Guid(2cda990e2423bbf4892e6590ba056729) Importer(815301076,1909f56bfc062723c751e8b465ee728b)  -> (artifact id: 'f1c1cc4a0a5638385a8e8a3821730821') in 0.005313 seconds
  Import took 0.008052 seconds .

========================================================================
Received Prepare
Refreshing native plugins compatible for Editor in 1.46 ms, found 1 plugins.
Preloading 0 native plugins for Editor in 0.00 ms.
Unloading 6 Unused Serialized files (Serialized files now loaded: 0)
System memory in use before: 53.5 MB.
System memory in use after: 53.6 MB.

Unloading 6 unused Assets to reduce memory usage. Loaded Objects now: 2321.
Total: 2.298600 ms (FindLiveObjects: 0.186700 ms CreateObjectMapping: 0.045000 ms MarkObjects: 2.054000 ms  DeleteObjects: 0.011800 ms)

========================================================================
Received Import Request.
  Time since last request: 232.198672 seconds.
  path: Assets/Scenes/Game_3.unity
  artifactKey: Guid(7e3476b5316d8104da738a266aaf1015) Importer(815301076,1909f56bfc062723c751e8b465ee728b)
Start importing Assets/Scenes/Game_3.unity using Guid(7e3476b5316d8104da738a266aaf1015) Importer(815301076,1909f56bfc062723c751e8b465ee728b)  -> (artifact id: '35aba6e2c55aa8e1469200427915be07') in 0.002767 seconds
  Import took 0.005805 seconds .

========================================================================
Received Import Request.
  Time since last request: 0.988400 seconds.
  path: Assets/Scenes/Game_2.unity
  artifactKey: Guid(35e0ffc5a9ef58246ac488fa2cf58757) Importer(815301076,1909f56bfc062723c751e8b465ee728b)
Start importing Assets/Scenes/Game_2.unity using Guid(35e0ffc5a9ef58246ac488fa2cf58757) Importer(815301076,1909f56bfc062723c751e8b465ee728b)  -> (artifact id: '10938bf1c273a2a81eded695416a4d4a') in 0.001893 seconds
  Import took 0.004606 seconds .

========================================================================
Received Import Request.
  Time since last request: 114.952952 seconds.
  path: Assets/Scenes/Room.unity
  artifactKey: Guid(2cda990e2423bbf4892e6590ba056729) Importer(815301076,1909f56bfc062723c751e8b465ee728b)
Start importing Assets/Scenes/Room.unity using Guid(2cda990e2423bbf4892e6590ba056729) Importer(815301076,1909f56bfc062723c751e8b465ee728b)  -> (artifact id: '553280863e20561367d645e976cac58c') in 0.005400 seconds
  Import took 0.008276 seconds .

========================================================================
Received Import Request.
  Time since last request: 0.406860 seconds.
  path: Assets/Scenes/Welcome.unity
  artifactKey: Guid(3018d7e0c021a6c47b77d7ea64124b98) Importer(815301076,1909f56bfc062723c751e8b465ee728b)
Start importing Assets/Scenes/Welcome.unity using Guid(3018d7e0c021a6c47b77d7ea64124b98) Importer(815301076,1909f56bfc062723c751e8b465ee728b)  -> (artifact id: 'ed7923b7cff78e369ff8a20f5a0c923b') in 0.005563 seconds
  Import took 0.008194 seconds .

========================================================================
Received Prepare
Refreshing native plugins compatible for Editor in 1.37 ms, found 1 plugins.
Preloading 0 native plugins for Editor in 0.00 ms.
Unloading 6 Unused Serialized files (Serialized files now loaded: 0)
System memory in use before: 53.5 MB.
System memory in use after: 53.7 MB.

Unloading 6 unused Assets to reduce memory usage. Loaded Objects now: 2321.
Total: 2.264400 ms (FindLiveObjects: 0.194800 ms CreateObjectMapping: 0.048100 ms MarkObjects: 2.006300 ms  DeleteObjects: 0.014300 ms)

========================================================================
Received Import Request.
  Time since last request: 110.346454 seconds.
  path: Assets/Scenes/Game_3.unity
  artifactKey: Guid(7e3476b5316d8104da738a266aaf1015) Importer(815301076,1909f56bfc062723c751e8b465ee728b)
Start importing Assets/Scenes/Game_3.unity using Guid(7e3476b5316d8104da738a266aaf1015) Importer(815301076,1909f56bfc062723c751e8b465ee728b)  -> (artifact id: '6ff27ef488be7caaa31a838405d02fac') in 0.002623 seconds
  Import took 0.005306 seconds .

========================================================================
Received Import Request.
  Time since last request: 0.483872 seconds.
  path: Assets/Scenes/Game_2.unity
  artifactKey: Guid(35e0ffc5a9ef58246ac488fa2cf58757) Importer(815301076,1909f56bfc062723c751e8b465ee728b)
Start importing Assets/Scenes/Game_2.unity using Guid(35e0ffc5a9ef58246ac488fa2cf58757) Importer(815301076,1909f56bfc062723c751e8b465ee728b)  -> (artifact id: 'b548e8fe9a237d6f9a498e570e3d5296') in 0.002180 seconds
  Import took 0.005343 seconds .

========================================================================
Received Import Request.
  Time since last request: 43.198844 seconds.
  path: Assets/Scenes/Game_2.unity
  artifactKey: Guid(35e0ffc5a9ef58246ac488fa2cf58757) Importer(815301076,1909f56bfc062723c751e8b465ee728b)
Start importing Assets/Scenes/Game_2.unity using Guid(35e0ffc5a9ef58246ac488fa2cf58757) Importer(815301076,1909f56bfc062723c751e8b465ee728b)  -> (artifact id: 'c93d75839b67f0cf7255d8734c6092f7') in 0.001739 seconds
  Import took 0.004432 seconds .

========================================================================
Received Import Request.
  Time since last request: 5.588136 seconds.
  path: Assets/Scenes/Game_4.unity
  artifactKey: Guid(7f2616bb831405b44866317f4638be23) Importer(815301076,1909f56bfc062723c751e8b465ee728b)
Start importing Assets/Scenes/Game_4.unity using Guid(7f2616bb831405b44866317f4638be23) Importer(815301076,1909f56bfc062723c751e8b465ee728b)  -> (artifact id: '580be2f592a609c7eb2f606958c870d1') in 0.001780 seconds
  Import took 0.004710 seconds .

========================================================================
Received Prepare
Refreshing native plugins compatible for Editor in 1.37 ms, found 1 plugins.
Preloading 0 native plugins for Editor in 0.00 ms.
Unloading 6 Unused Serialized files (Serialized files now loaded: 0)
System memory in use before: 53.6 MB.
System memory in use after: 53.7 MB.

Unloading 6 unused Assets to reduce memory usage. Loaded Objects now: 2321.
Total: 2.105900 ms (FindLiveObjects: 0.219900 ms CreateObjectMapping: 0.050100 ms MarkObjects: 1.823600 ms  DeleteObjects: 0.011100 ms)

========================================================================
Received Prepare
Refreshing native plugins compatible for Editor in 1.31 ms, found 1 plugins.
Preloading 0 native plugins for Editor in 0.00 ms.
Unloading 6 Unused Serialized files (Serialized files now loaded: 0)
System memory in use before: 53.6 MB.
System memory in use after: 53.7 MB.

Unloading 6 unused Assets to reduce memory usage. Loaded Objects now: 2321.
Total: 2.295500 ms (FindLiveObjects: 0.198800 ms CreateObjectMapping: 0.046900 ms MarkObjects: 2.011000 ms  DeleteObjects: 0.037700 ms)

AssetImportWorkerClient::OnTransportError - code=2 error=End of file
